   0.0000000000000000        0.0000000000000000     
   59.999999999998728       -2.8473180562281443E-004
   119.99999999999532       -8.0055089701700963E-004
   180.00000000000668       -1.4283921354444145E-003
   240.00000000002032       -2.2210341399225373E-003
   300.00000000003394       -3.2865731492654044E-003
   360.00000000004758       -4.6990890996370886E-003
   420.00000000006122       -5.8703186288695617E-003
   480.00000000007486       -6.9034328521799812E-003
   540.00000000005662       -7.4508105488914891E-003
   600.00000000000205       -7.5240810065434838E-003
   659.99999999994748       -7.5267941648519210E-003
   719.99999999989291       -7.5268521456401749E-003
   779.99999999983834       -7.5269487538322296E-003
   839.99999999978377       -7.5269605362685279E-003
   899.99999999972920       -7.5269617711272467E-003
   959.99999999967463       -7.5269630761894057E-003
   1019.9999999996201       -7.5269635653403590E-003
   1079.9999999995655       -7.5269636996251402E-003
   1139.9999999995109       -7.5269637407441936E-003
   1199.9999999994563       -7.5269637514235998E-003
   1259.9999999994018       -6.1408628005759974E-003
   1319.9999999993472       -5.0430440259388075E-003
