 time (t) | print step (itp) | time step (it)
          0.00         0         0
         60.00         1      1199
        120.00         2      2399
        180.00         3      3599
        240.00         4      4799
        300.00         5      5999
        360.00         6      7199
        420.00         7      8399
        480.00         8      9599
        540.00         9     10799
        600.00        10     11999
        660.00        11     13199
        720.00        12     14399
        780.00        13     15599
        840.00        14     16799
        900.00        15     17999
        960.00        16     19199
       1020.00        17     20399
       1080.00        18     21599
       1140.00        19     22799
       1200.00        20     23999
       1260.00        21     25199
       1320.00        22     26399
