           0          -1   0.0000000000000000     
           0           0   0.0000000000000000     
           0           1  5.00000000000000010E-003
           1           0 -4.99999999999999924E-003
           1           1  5.00000000000000010E-003
           1           2  1.49999999999999994E-002
           1           3  2.50000000000000014E-002
           1           4  3.50000000000000033E-002
           1           5  4.49999999999999983E-002
           1           6  5.50000000000000003E-002
           1           7  6.50000000000000022E-002
           1           8  7.50000000000000111E-002
           1           9  8.49999999999999922E-002
           1          10  9.50000000000000011E-002
           1          11  0.10500000000000000     
           1          12  0.11499999999999999     
           1          13  0.12500000000000000     
           1          14  0.13500000000000001     
           1          15  0.14500000000000002     
           1          16  0.15500000000000000     
           1          17  0.16500000000000001     
           1          18  0.17499999999999999     
           1          19  0.18500000000000000     
           1          20  0.19500000000000001     
           1          21  0.20499999999999999     
           1          22  0.21500000000000000     
           1          23  0.22500000000000001     
           1          24  0.23499999999999999     
           1          25  0.24500000000000000     
           1          26  0.25500000000000000     
           1          27  0.26500000000000001     
           1          28  0.27500000000000002     
           1          29  0.28500000000000003     
           1          30  0.29499999999999998     
           1          31  0.30499999999999999     
           1          32  0.31500000000000000     
           1          33  0.32500000000000001     
           1          34  0.33500000000000002     
           1          35  0.34499999999999997     
           1          36  0.35499999999999998     
           1          37  0.36499999999999999     
           1          38  0.37500000000000000     
           1          39  0.38500000000000001     
           1          40  0.39500000000000002     
           1          41  0.40499999999999997     
           1          42  0.41499999999999998     
           1          43  0.42499999999999999     
           1          44  0.43500000000000000     
           1          45  0.44500000000000001     
           1          46  0.45500000000000002     
           1          47  0.46500000000000002     
           1          48  0.47499999999999998     
           1          49  0.48499999999999999     
           1          50  0.49500000000000000     
           1          51  0.50500000000000000     
           2           0 -4.99999999999999924E-003
           2           1  5.00000000000000010E-003
           2           2  1.49999999999999994E-002
           2           3  2.50000000000000014E-002
           2           4  3.50000000000000033E-002
           2           5  4.49999999999999983E-002
           2           6  5.50000000000000003E-002
           2           7  6.50000000000000022E-002
           2           8  7.50000000000000111E-002
           2           9  8.49999999999999922E-002
           2          10  9.50000000000000011E-002
           2          11  0.10500000000000000     
           2          12  0.11499999999999999     
           2          13  0.12500000000000000     
           2          14  0.13500000000000001     
           2          15  0.14500000000000002     
           2          16  0.15500000000000000     
           2          17  0.16500000000000001     
           2          18  0.17499999999999999     
           2          19  0.18500000000000000     
           2          20  0.19500000000000001     
           2          21  0.20499999999999999     
           2          22  0.21500000000000000     
           2          23  0.22500000000000001     
           2          24  0.23499999999999999     
           2          25  0.24500000000000000     
           2          26  0.25500000000000000     
           2          27  0.26500000000000001     
           2          28  0.27500000000000002     
           2          29  0.28500000000000003     
           2          30  0.29499999999999998     
           2          31  0.30499999999999999     
           2          32  0.31500000000000000     
           2          33  0.32500000000000001     
           2          34  0.33500000000000002     
           2          35  0.34499999999999997     
           2          36  0.35499999999999998     
           2          37  0.36499999999999999     
           2          38  0.37500000000000000     
           2          39  0.38500000000000001     
           2          40  0.39500000000000002     
           2          41  0.40499999999999997     
           2          42  0.41499999999999998     
           2          43  0.42499999999999999     
           2          44  0.43500000000000000     
           2          45  0.44500000000000001     
           2          46  0.45500000000000002     
           2          47  0.46500000000000002     
           2          48  0.47499999999999998     
           2          49  0.48499999999999999     
           2          50  0.49500000000000000     
           2          51  0.50500000000000000     
           3           0 -4.99999999999999924E-003
           3           1  5.00000000000000010E-003
           3           2  1.49999999999999994E-002
           3           3  2.50000000000000014E-002
           3           4  3.50000000000000033E-002
           3           5  4.49999999999999983E-002
           3           6  5.50000000000000003E-002
           3           7  6.50000000000000022E-002
           3           8  7.50000000000000111E-002
           3           9  8.49999999999999922E-002
           3          10  9.50000000000000011E-002
           3          11  0.10500000000000000     
           3          12  0.11499999999999999     
           3          13  0.12500000000000000     
           3          14  0.13500000000000001     
           3          15  0.14500000000000002     
           3          16  0.15500000000000000     
           3          17  0.16500000000000001     
           3          18  0.17499999999999999     
           3          19  0.18500000000000000     
           3          20  0.19500000000000001     
           3          21  0.20499999999999999     
           3          22  0.21500000000000000     
           3          23  0.22500000000000001     
           3          24  0.23499999999999999     
           3          25  0.24500000000000000     
           3          26  0.25500000000000000     
           3          27  0.26500000000000001     
           3          28  0.27500000000000002     
           3          29  0.28500000000000003     
           3          30  0.29499999999999998     
           3          31  0.30499999999999999     
           3          32  0.31500000000000000     
           3          33  0.32500000000000001     
           3          34  0.33500000000000002     
           3          35  0.34499999999999997     
           3          36  0.35499999999999998     
           3          37  0.36499999999999999     
           3          38  0.37500000000000000     
           3          39  0.38500000000000001     
           3          40  0.39500000000000002     
           3          41  0.40499999999999997     
           3          42  0.41499999999999998     
           3          43  0.42499999999999999     
           3          44  0.43500000000000000     
           3          45  0.44500000000000001     
           3          46  0.45500000000000002     
           3          47  0.46500000000000002     
           3          48  0.47499999999999998     
           3          49  0.48499999999999999     
           3          50  0.49500000000000000     
           3          51  0.50500000000000000     
           4           0 -4.99999999999999924E-003
           4           1  5.00000000000000010E-003
           4           2  1.49999999999999994E-002
           4           3  2.50000000000000014E-002
           4           4  3.50000000000000033E-002
           4           5  4.49999999999999983E-002
           4           6  5.50000000000000003E-002
           4           7  6.50000000000000022E-002
           4           8  7.50000000000000111E-002
           4           9  8.49999999999999922E-002
           4          10  9.50000000000000011E-002
           4          11  0.10500000000000000     
           4          12  0.11499999999999999     
           4          13  0.12500000000000000     
           4          14  0.13500000000000001     
           4          15  0.14500000000000002     
           4          16  0.15500000000000000     
           4          17  0.16500000000000001     
           4          18  0.17499999999999999     
           4          19  0.18500000000000000     
           4          20  0.19500000000000001     
           4          21  0.20499999999999999     
           4          22  0.21500000000000000     
           4          23  0.22500000000000001     
           4          24  0.23499999999999999     
           4          25  0.24500000000000000     
           4          26  0.25500000000000000     
           4          27  0.26500000000000001     
           4          28  0.27500000000000002     
           4          29  0.28500000000000003     
           4          30  0.29499999999999998     
           4          31  0.30499999999999999     
           4          32  0.31500000000000000     
           4          33  0.32500000000000001     
           4          34  0.33500000000000002     
           4          35  0.34499999999999997     
           4          36  0.35499999999999998     
           4          37  0.36499999999999999     
           4          38  0.37500000000000000     
           4          39  0.38500000000000001     
           4          40  0.39500000000000002     
           4          41  0.40499999999999997     
           4          42  0.41499999999999998     
           4          43  0.42499999999999999     
           4          44  0.43500000000000000     
           4          45  0.44500000000000001     
           4          46  0.45500000000000002     
           4          47  0.46500000000000002     
           4          48  0.47499999999999998     
           4          49  0.48499999999999999     
           4          50  0.49500000000000000     
           4          51  0.50500000000000000     
           5           0 -4.99999999999999924E-003
           5           1  5.00000000000000010E-003
           5           2  1.49999999999999994E-002
           5           3  2.50000000000000014E-002
           5           4  3.50000000000000033E-002
           5           5  4.49999999999999983E-002
           5           6  5.50000000000000003E-002
           5           7  6.50000000000000022E-002
           5           8  7.50000000000000111E-002
           5           9  8.49999999999999922E-002
           5          10  9.50000000000000011E-002
           5          11  0.10500000000000000     
           5          12  0.11499999999999999     
           5          13  0.12500000000000000     
           5          14  0.13500000000000001     
           5          15  0.14500000000000002     
           5          16  0.15500000000000000     
           5          17  0.16500000000000001     
           5          18  0.17499999999999999     
           5          19  0.18500000000000000     
           5          20  0.19500000000000001     
           5          21  0.20499999999999999     
           5          22  0.21500000000000000     
           5          23  0.22500000000000001     
           5          24  0.23499999999999999     
           5          25  0.24500000000000000     
           5          26  0.25500000000000000     
           5          27  0.26500000000000001     
           5          28  0.27500000000000002     
           5          29  0.28500000000000003     
           5          30  0.29499999999999998     
           5          31  0.30499999999999999     
           5          32  0.31500000000000000     
           5          33  0.32500000000000001     
           5          34  0.33500000000000002     
           5          35  0.34499999999999997     
           5          36  0.35499999999999998     
           5          37  0.36499999999999999     
           5          38  0.37500000000000000     
           5          39  0.38500000000000001     
           5          40  0.39500000000000002     
           5          41  0.40499999999999997     
           5          42  0.41499999999999998     
           5          43  0.42499999999999999     
           5          44  0.43500000000000000     
           5          45  0.44500000000000001     
           5          46  0.45500000000000002     
           5          47  0.46500000000000002     
           5          48  0.47499999999999998     
           5          49  0.48499999999999999     
           5          50  0.49500000000000000     
           5          51  0.50500000000000000     
           6           0 -4.99999999999999924E-003
           6           1  5.00000000000000010E-003
           6           2  1.49999999999999994E-002
           6           3  2.50000000000000014E-002
           6           4  3.50000000000000033E-002
           6           5  4.49999999999999983E-002
           6           6  5.50000000000000003E-002
           6           7  6.50000000000000022E-002
           6           8  7.50000000000000111E-002
           6           9  8.49999999999999922E-002
           6          10  9.50000000000000011E-002
           6          11  0.10500000000000000     
           6          12  0.11499999999999999     
           6          13  0.12500000000000000     
           6          14  0.13500000000000001     
           6          15  0.14500000000000002     
           6          16  0.15500000000000000     
           6          17  0.16500000000000001     
           6          18  0.17499999999999999     
           6          19  0.18500000000000000     
           6          20  0.19500000000000001     
           6          21  0.20499999999999999     
           6          22  0.21500000000000000     
           6          23  0.22500000000000001     
           6          24  0.23499999999999999     
           6          25  0.24500000000000000     
           6          26  0.25500000000000000     
           6          27  0.26500000000000001     
           6          28  0.27500000000000002     
           6          29  0.28500000000000003     
           6          30  0.29499999999999998     
           6          31  0.30499999999999999     
           6          32  0.31500000000000000     
           6          33  0.32500000000000001     
           6          34  0.33500000000000002     
           6          35  0.34499999999999997     
           6          36  0.35499999999999998     
           6          37  0.36499999999999999     
           6          38  0.37500000000000000     
           6          39  0.38500000000000001     
           6          40  0.39500000000000002     
           6          41  0.40499999999999997     
           6          42  0.41499999999999998     
           6          43  0.42499999999999999     
           6          44  0.43500000000000000     
           6          45  0.44500000000000001     
           6          46  0.45500000000000002     
           6          47  0.46500000000000002     
           6          48  0.47499999999999998     
           6          49  0.48499999999999999     
           6          50  0.49500000000000000     
           6          51  0.50500000000000000     
           7           0 -4.99999999999999924E-003
           7           1  5.00000000000000010E-003
           7           2  1.49999999999999994E-002
           7           3  2.50000000000000014E-002
           7           4  3.50000000000000033E-002
           7           5  4.49999999999999983E-002
           7           6  5.50000000000000003E-002
           7           7  6.50000000000000022E-002
           7           8  7.50000000000000111E-002
           7           9  8.49999999999999922E-002
           7          10  9.50000000000000011E-002
           7          11  0.10500000000000000     
           7          12  0.11499999999999999     
           7          13  0.12500000000000000     
           7          14  0.13500000000000001     
           7          15  0.14500000000000002     
           7          16  0.15500000000000000     
           7          17  0.16500000000000001     
           7          18  0.17499999999999999     
           7          19  0.18500000000000000     
           7          20  0.19500000000000001     
           7          21  0.20499999999999999     
           7          22  0.21500000000000000     
           7          23  0.22500000000000001     
           7          24  0.23499999999999999     
           7          25  0.24500000000000000     
           7          26  0.25500000000000000     
           7          27  0.26500000000000001     
           7          28  0.27500000000000002     
           7          29  0.28500000000000003     
           7          30  0.29499999999999998     
           7          31  0.30499999999999999     
           7          32  0.31500000000000000     
           7          33  0.32500000000000001     
           7          34  0.33500000000000002     
           7          35  0.34499999999999997     
           7          36  0.35499999999999998     
           7          37  0.36499999999999999     
           7          38  0.37500000000000000     
           7          39  0.38500000000000001     
           7          40  0.39500000000000002     
           7          41  0.40499999999999997     
           7          42  0.41499999999999998     
           7          43  0.42499999999999999     
           7          44  0.43500000000000000     
           7          45  0.44500000000000001     
           7          46  0.45500000000000002     
           7          47  0.46500000000000002     
           7          48  0.47499999999999998     
           7          49  0.48499999999999999     
           7          50  0.49500000000000000     
           7          51  0.50500000000000000     
           8           0 -4.99999999999999924E-003
           8           1  5.00000000000000010E-003
           8           2  1.49999999999999994E-002
           8           3  2.50000000000000014E-002
           8           4  3.50000000000000033E-002
           8           5  4.49999999999999983E-002
           8           6  5.50000000000000003E-002
           8           7  6.50000000000000022E-002
           8           8  7.50000000000000111E-002
           8           9  8.49999999999999922E-002
           8          10  9.50000000000000011E-002
           8          11  0.10500000000000000     
           8          12  0.11499999999999999     
           8          13  0.12500000000000000     
           8          14  0.13500000000000001     
           8          15  0.14500000000000002     
           8          16  0.15500000000000000     
           8          17  0.16500000000000001     
           8          18  0.17499999999999999     
           8          19  0.18500000000000000     
           8          20  0.19500000000000001     
           8          21  0.20499999999999999     
           8          22  0.21500000000000000     
           8          23  0.22500000000000001     
           8          24  0.23499999999999999     
           8          25  0.24500000000000000     
           8          26  0.25500000000000000     
           8          27  0.26500000000000001     
           8          28  0.27500000000000002     
           8          29  0.28500000000000003     
           8          30  0.29499999999999998     
           8          31  0.30499999999999999     
           8          32  0.31500000000000000     
           8          33  0.32500000000000001     
           8          34  0.33500000000000002     
           8          35  0.34499999999999997     
           8          36  0.35499999999999998     
           8          37  0.36499999999999999     
           8          38  0.37500000000000000     
           8          39  0.38500000000000001     
           8          40  0.39500000000000002     
           8          41  0.40499999999999997     
           8          42  0.41499999999999998     
           8          43  0.42499999999999999     
           8          44  0.43500000000000000     
           8          45  0.44500000000000001     
           8          46  0.45500000000000002     
           8          47  0.46500000000000002     
           8          48  0.47499999999999998     
           8          49  0.48499999999999999     
           8          50  0.49500000000000000     
           8          51  0.50500000000000000     
           9           0 -4.99999999999999924E-003
           9           1  5.00000000000000010E-003
           9           2  1.49999999999999994E-002
           9           3  2.50000000000000014E-002
           9           4  3.50000000000000033E-002
           9           5  4.49999999999999983E-002
           9           6  5.50000000000000003E-002
           9           7  6.50000000000000022E-002
           9           8  7.50000000000000111E-002
           9           9  8.49999999999999922E-002
           9          10  9.50000000000000011E-002
           9          11  0.10500000000000000     
           9          12  0.11499999999999999     
           9          13  0.12500000000000000     
           9          14  0.13500000000000001     
           9          15  0.14500000000000002     
           9          16  0.15500000000000000     
           9          17  0.16500000000000001     
           9          18  0.17499999999999999     
           9          19  0.18500000000000000     
           9          20  0.19500000000000001     
           9          21  0.20499999999999999     
           9          22  0.21500000000000000     
           9          23  0.22500000000000001     
           9          24  0.23499999999999999     
           9          25  0.24500000000000000     
           9          26  0.25500000000000000     
           9          27  0.26500000000000001     
           9          28  0.27500000000000002     
           9          29  0.28500000000000003     
           9          30  0.29499999999999998     
           9          31  0.30499999999999999     
           9          32  0.31500000000000000     
           9          33  0.32500000000000001     
           9          34  0.33500000000000002     
           9          35  0.34499999999999997     
           9          36  0.35499999999999998     
           9          37  0.36499999999999999     
           9          38  0.37500000000000000     
           9          39  0.38500000000000001     
           9          40  0.39500000000000002     
           9          41  0.40499999999999997     
           9          42  0.41499999999999998     
           9          43  0.42499999999999999     
           9          44  0.43500000000000000     
           9          45  0.44500000000000001     
           9          46  0.45500000000000002     
           9          47  0.46500000000000002     
           9          48  0.47499999999999998     
           9          49  0.48499999999999999     
           9          50  0.49500000000000000     
           9          51  0.50500000000000000     
          10           0 -4.99999999999999924E-003
          10           1  5.00000000000000010E-003
          10           2  1.49999999999999994E-002
          10           3  2.50000000000000014E-002
          10           4  3.50000000000000033E-002
          10           5  4.49999999999999983E-002
          10           6  5.50000000000000003E-002
          10           7  6.50000000000000022E-002
          10           8  7.50000000000000111E-002
          10           9  8.49999999999999922E-002
          10          10  9.50000000000000011E-002
          10          11  0.10500000000000000     
          10          12  0.11499999999999999     
          10          13  0.12500000000000000     
          10          14  0.13500000000000001     
          10          15  0.14500000000000002     
          10          16  0.15500000000000000     
          10          17  0.16500000000000001     
          10          18  0.17499999999999999     
          10          19  0.18500000000000000     
          10          20  0.19500000000000001     
          10          21  0.20499999999999999     
          10          22  0.21500000000000000     
          10          23  0.22500000000000001     
          10          24  0.23499999999999999     
          10          25  0.24500000000000000     
          10          26  0.25500000000000000     
          10          27  0.26500000000000001     
          10          28  0.27500000000000002     
          10          29  0.28500000000000003     
          10          30  0.29499999999999998     
          10          31  0.30499999999999999     
          10          32  0.31500000000000000     
          10          33  0.32500000000000001     
          10          34  0.33500000000000002     
          10          35  0.34499999999999997     
          10          36  0.35499999999999998     
          10          37  0.36499999999999999     
          10          38  0.37500000000000000     
          10          39  0.38500000000000001     
          10          40  0.39500000000000002     
          10          41  0.40499999999999997     
          10          42  0.41499999999999998     
          10          43  0.42499999999999999     
          10          44  0.43500000000000000     
          10          45  0.44500000000000001     
          10          46  0.45500000000000002     
          10          47  0.46500000000000002     
          10          48  0.47499999999999998     
          10          49  0.48499999999999999     
          10          50  0.49500000000000000     
          10          51  0.50500000000000000     
          11           0 -4.99999999999999924E-003
          11           1  5.00000000000000010E-003
          11           2  1.49999999999999994E-002
          11           3  2.50000000000000014E-002
          11           4  3.50000000000000033E-002
          11           5  4.49999999999999983E-002
          11           6  5.50000000000000003E-002
          11           7  6.50000000000000022E-002
          11           8  7.50000000000000111E-002
          11           9  8.49999999999999922E-002
          11          10  9.50000000000000011E-002
          11          11  0.10500000000000000     
          11          12  0.11499999999999999     
          11          13  0.12500000000000000     
          11          14  0.13500000000000001     
          11          15  0.14500000000000002     
          11          16  0.15500000000000000     
          11          17  0.16500000000000001     
          11          18  0.17499999999999999     
          11          19  0.18500000000000000     
          11          20  0.19500000000000001     
          11          21  0.20499999999999999     
          11          22  0.21500000000000000     
          11          23  0.22500000000000001     
          11          24  0.23499999999999999     
          11          25  0.24500000000000000     
          11          26  0.25500000000000000     
          11          27  0.26500000000000001     
          11          28  0.27500000000000002     
          11          29  0.28500000000000003     
          11          30  0.29499999999999998     
          11          31  0.30499999999999999     
          11          32  0.31500000000000000     
          11          33  0.32500000000000001     
          11          34  0.33500000000000002     
          11          35  0.34499999999999997     
          11          36  0.35499999999999998     
          11          37  0.36499999999999999     
          11          38  0.37500000000000000     
          11          39  0.38500000000000001     
          11          40  0.39500000000000002     
          11          41  0.40499999999999997     
          11          42  0.41499999999999998     
          11          43  0.42499999999999999     
          11          44  0.43500000000000000     
          11          45  0.44500000000000001     
          11          46  0.45500000000000002     
          11          47  0.46500000000000002     
          11          48  0.47499999999999998     
          11          49  0.48499999999999999     
          11          50  0.49500000000000000     
          11          51  0.50500000000000000     
          12           0 -4.99999999999999924E-003
          12           1  5.00000000000000010E-003
          12           2  1.49999999999999994E-002
          12           3  2.50000000000000014E-002
          12           4  3.50000000000000033E-002
          12           5  4.49999999999999983E-002
          12           6  5.50000000000000003E-002
          12           7  6.50000000000000022E-002
          12           8  7.50000000000000111E-002
          12           9  8.49999999999999922E-002
          12          10  9.50000000000000011E-002
          12          11  0.10500000000000000     
          12          12  0.11499999999999999     
          12          13  0.12500000000000000     
          12          14  0.13500000000000001     
          12          15  0.14500000000000002     
          12          16  0.15500000000000000     
          12          17  0.16500000000000001     
          12          18  0.17499999999999999     
          12          19  0.18500000000000000     
          12          20  0.19500000000000001     
          12          21  0.20499999999999999     
          12          22  0.21500000000000000     
          12          23  0.22500000000000001     
          12          24  0.23499999999999999     
          12          25  0.24500000000000000     
          12          26  0.25500000000000000     
          12          27  0.26500000000000001     
          12          28  0.27500000000000002     
          12          29  0.28500000000000003     
          12          30  0.29499999999999998     
          12          31  0.30499999999999999     
          12          32  0.31500000000000000     
          12          33  0.32500000000000001     
          12          34  0.33500000000000002     
          12          35  0.34499999999999997     
          12          36  0.35499999999999998     
          12          37  0.36499999999999999     
          12          38  0.37500000000000000     
          12          39  0.38500000000000001     
          12          40  0.39500000000000002     
          12          41  0.40499999999999997     
          12          42  0.41499999999999998     
          12          43  0.42499999999999999     
          12          44  0.43500000000000000     
          12          45  0.44500000000000001     
          12          46  0.45500000000000002     
          12          47  0.46500000000000002     
          12          48  0.47499999999999998     
          12          49  0.48499999999999999     
          12          50  0.49500000000000000     
          12          51  0.50500000000000000     
          13           0 -4.99999999999999924E-003
          13           1  5.00000000000000010E-003
          13           2  1.49999999999999994E-002
          13           3  2.50000000000000014E-002
          13           4  3.50000000000000033E-002
          13           5  4.49999999999999983E-002
          13           6  5.50000000000000003E-002
          13           7  6.50000000000000022E-002
          13           8  7.50000000000000111E-002
          13           9  8.49999999999999922E-002
          13          10  9.50000000000000011E-002
          13          11  0.10500000000000000     
          13          12  0.11499999999999999     
          13          13  0.12500000000000000     
          13          14  0.13500000000000001     
          13          15  0.14500000000000002     
          13          16  0.15500000000000000     
          13          17  0.16500000000000001     
          13          18  0.17499999999999999     
          13          19  0.18500000000000000     
          13          20  0.19500000000000001     
          13          21  0.20499999999999999     
          13          22  0.21500000000000000     
          13          23  0.22500000000000001     
          13          24  0.23499999999999999     
          13          25  0.24500000000000000     
          13          26  0.25500000000000000     
          13          27  0.26500000000000001     
          13          28  0.27500000000000002     
          13          29  0.28500000000000003     
          13          30  0.29499999999999998     
          13          31  0.30499999999999999     
          13          32  0.31500000000000000     
          13          33  0.32500000000000001     
          13          34  0.33500000000000002     
          13          35  0.34499999999999997     
          13          36  0.35499999999999998     
          13          37  0.36499999999999999     
          13          38  0.37500000000000000     
          13          39  0.38500000000000001     
          13          40  0.39500000000000002     
          13          41  0.40499999999999997     
          13          42  0.41499999999999998     
          13          43  0.42499999999999999     
          13          44  0.43500000000000000     
          13          45  0.44500000000000001     
          13          46  0.45500000000000002     
          13          47  0.46500000000000002     
          13          48  0.47499999999999998     
          13          49  0.48499999999999999     
          13          50  0.49500000000000000     
          13          51  0.50500000000000000     
          14           0 -4.99999999999999924E-003
          14           1  5.00000000000000010E-003
          14           2  1.49999999999999994E-002
          14           3  2.50000000000000014E-002
          14           4  3.50000000000000033E-002
          14           5  4.49999999999999983E-002
          14           6  5.50000000000000003E-002
          14           7  6.50000000000000022E-002
          14           8  7.50000000000000111E-002
          14           9  8.49999999999999922E-002
          14          10  9.50000000000000011E-002
          14          11  0.10500000000000000     
          14          12  0.11499999999999999     
          14          13  0.12500000000000000     
          14          14  0.13500000000000001     
          14          15  0.14500000000000002     
          14          16  0.15500000000000000     
          14          17  0.16500000000000001     
          14          18  0.17499999999999999     
          14          19  0.18500000000000000     
          14          20  0.19500000000000001     
          14          21  0.20499999999999999     
          14          22  0.21500000000000000     
          14          23  0.22500000000000001     
          14          24  0.23499999999999999     
          14          25  0.24500000000000000     
          14          26  0.25500000000000000     
          14          27  0.26500000000000001     
          14          28  0.27500000000000002     
          14          29  0.28500000000000003     
          14          30  0.29499999999999998     
          14          31  0.30499999999999999     
          14          32  0.31500000000000000     
          14          33  0.32500000000000001     
          14          34  0.33500000000000002     
          14          35  0.34499999999999997     
          14          36  0.35499999999999998     
          14          37  0.36499999999999999     
          14          38  0.37500000000000000     
          14          39  0.38500000000000001     
          14          40  0.39500000000000002     
          14          41  0.40499999999999997     
          14          42  0.41499999999999998     
          14          43  0.42499999999999999     
          14          44  0.43500000000000000     
          14          45  0.44500000000000001     
          14          46  0.45500000000000002     
          14          47  0.46500000000000002     
          14          48  0.47499999999999998     
          14          49  0.48499999999999999     
          14          50  0.49500000000000000     
          14          51  0.50500000000000000     
          15           0 -4.99999999999999924E-003
          15           1  5.00000000000000010E-003
          15           2  1.49999999999999994E-002
          15           3  2.50000000000000014E-002
          15           4  3.50000000000000033E-002
          15           5  4.49999999999999983E-002
          15           6  5.50000000000000003E-002
          15           7  6.50000000000000022E-002
          15           8  7.50000000000000111E-002
          15           9  8.49999999999999922E-002
          15          10  9.50000000000000011E-002
          15          11  0.10500000000000000     
          15          12  0.11499999999999999     
          15          13  0.12500000000000000     
          15          14  0.13500000000000001     
          15          15  0.14500000000000002     
          15          16  0.15500000000000000     
          15          17  0.16500000000000001     
          15          18  0.17499999999999999     
          15          19  0.18500000000000000     
          15          20  0.19500000000000001     
          15          21  0.20499999999999999     
          15          22  0.21500000000000000     
          15          23  0.22500000000000001     
          15          24  0.23499999999999999     
          15          25  0.24500000000000000     
          15          26  0.25500000000000000     
          15          27  0.26500000000000001     
          15          28  0.27500000000000002     
          15          29  0.28500000000000003     
          15          30  0.29499999999999998     
          15          31  0.30499999999999999     
          15          32  0.31500000000000000     
          15          33  0.32500000000000001     
          15          34  0.33500000000000002     
          15          35  0.34499999999999997     
          15          36  0.35499999999999998     
          15          37  0.36499999999999999     
          15          38  0.37500000000000000     
          15          39  0.38500000000000001     
          15          40  0.39500000000000002     
          15          41  0.40499999999999997     
          15          42  0.41499999999999998     
          15          43  0.42499999999999999     
          15          44  0.43500000000000000     
          15          45  0.44500000000000001     
          15          46  0.45500000000000002     
          15          47  0.46500000000000002     
          15          48  0.47499999999999998     
          15          49  0.48499999999999999     
          15          50  0.49500000000000000     
          15          51  0.50500000000000000     
          16           0   0.0000000000000000     
          16           1  5.00000000000000010E-003
          16           2  1.49999999999999994E-002
          16           3  2.50000000000000014E-002
          16           4  3.50000000000000033E-002
          16           5  4.49999999999999983E-002
          16           6  5.50000000000000003E-002
          16           7  6.50000000000000022E-002
          16           8  7.50000000000000111E-002
          16           9  8.49999999999999922E-002
          16          10  9.50000000000000011E-002
          16          11  0.10500000000000000     
          16          12  0.11499999999999999     
          16          13  0.12500000000000000     
          16          14  0.13500000000000001     
          16          15  0.14500000000000002     
          16          16  0.15500000000000000     
          16          17  0.16500000000000001     
          16          18  0.17499999999999999     
          16          19  0.18500000000000000     
          16          20  0.19500000000000001     
          16          21  0.20499999999999999     
          16          22  0.21500000000000000     
          16          23  0.22500000000000001     
          16          24  0.23499999999999999     
          16          25  0.24500000000000000     
          16          26  0.25500000000000000     
          16          27  0.26500000000000001     
          16          28  0.27500000000000002     
          16          29  0.28500000000000003     
          16          30  0.29499999999999998     
          16          31  0.30499999999999999     
          16          32  0.31500000000000000     
          16          33  0.32500000000000001     
          16          34  0.33500000000000002     
          16          35  0.34499999999999997     
          16          36  0.35499999999999998     
          16          37  0.36499999999999999     
          16          38  0.37500000000000000     
          16          39  0.38500000000000001     
          16          40  0.39500000000000002     
          16          41  0.40499999999999997     
          16          42  0.41499999999999998     
          16          43  0.42499999999999999     
          16          44  0.43500000000000000     
          16          45  0.44500000000000001     
          16          46  0.45500000000000002     
          16          47  0.46500000000000002     
          16          48  0.47499999999999998     
          16          49  0.48499999999999999     
          16          50  0.49500000000000000     
          16          51   0.0000000000000000     
